<?xml version="1.0" encoding="UTF-8"?>
<!-- Generated by org.testng.reporters.JUnitReportReporter -->
<testsuite skipped="0" hostname="DESKTOP-R0AV90C" name="org.testng.HomeInsuranceLoginFunctionalityTestUsingDataDriven" tests="4" failures="0" timestamp="28 Mar 2022 10:18:54 GMT" time="140.840" errors="0">
  <testcase name="tc4LoginFunctionalityTest" time="34.822" classname="org.testng.HomeInsuranceLoginFunctionalityTestUsingDataDriven"/>
  <testcase name="tc2LoginFunctionalityTest" time="33.870" classname="org.testng.HomeInsuranceLoginFunctionalityTestUsingDataDriven"/>
  <testcase name="tc3LoginFunctionalityTest" time="40.981" classname="org.testng.HomeInsuranceLoginFunctionalityTestUsingDataDriven"/>
  <testcase name="tc1LoginFunctionalityTest" time="31.167" classname="org.testng.HomeInsuranceLoginFunctionalityTestUsingDataDriven"/>
</testsuite> <!-- org.testng.HomeInsuranceLoginFunctionalityTestUsingDataDriven -->
