<?xml version="1.0" encoding="UTF-8"?>
<!-- Generated by org.testng.reporters.JUnitReportReporter -->
<testsuite skipped="0" hostname="DESKTOP-R0AV90C" name="org.testng.HomeInsuranceLoginFunctionalityTest" tests="1" failures="0" timestamp="27 Mar 2022 15:00:41 GMT" time="47.360" errors="0">
  <testcase name="tc1LoginFunctionalityTest" time="47.360" classname="org.testng.HomeInsuranceLoginFunctionalityTest"/>
</testsuite> <!-- org.testng.HomeInsuranceLoginFunctionalityTest -->
